{
  "numTotalTestSuites": 5,
  "numPassedTestSuites": 5,
  "numFailedTestSuites": 0,
  "numPendingTestSuites": 0,
  "numTotalTests": 5,
  "numPassedTests": 5,
  "numFailedTests": 0,
  "numPendingTests": 0,
  "numTodoTests": 0,
  "snapshot": {
    "added": 0,
    "failure": false,
    "filesAdded": 0,
    "filesRemoved": 0,
    "filesRemovedList": [],
    "filesUnmatched": 0,
    "filesUpdated": 0,
    "matched": 0,
    "total": 0,
    "unchecked": 0,
    "uncheckedKeysByFile": [],
    "unmatched": 0,
    "updated": 0,
    "didUpdate": false
  },
  "startTime": 1741109059066,
  "success": true,
  "testResults": [
    {
      "assertionResults": [
        {
          "ancestorTitles": ["fetchData functions"],
          "fullName": "fetchData functions loadObservations should fetch and return data",
          "status": "passed",
          "title": "loadObservations should fetch and return data",
          "duration": 2,
          "failureMessages": [],
          "meta": {}
        },
        {
          "ancestorTitles": ["fetchData functions"],
          "fullName": "fetchData functions saveObservation should send a POST request and return response",
          "status": "passed",
          "title": "saveObservation should send a POST request and return response",
          "duration": 0.7999999998137355,
          "failureMessages": [],
          "meta": {}
        }
      ],
      "startTime": 1741109060460,
      "endTime": 1741109060462.8,
      "status": "passed",
      "message": "",
      "name": "C:/Users/danie/Desktop/projects/testing-for-success-arcgis-maps-sdk-for-javascript/src/api/__tests__/fetchData.test.ts"
    },
    {
      "assertionResults": [
        {
          "ancestorTitles": [],
          "fullName": "renders DataEntry, handles properties, and displays latitude and longitude",
          "status": "passed",
          "title": "renders DataEntry, handles properties, and displays latitude and longitude",
          "duration": 1031.2000000001863,
          "failureMessages": [],
          "meta": {}
        }
      ],
      "startTime": 1741109060568,
      "endTime": 1741109061599.2,
      "status": "passed",
      "message": "",
      "name": "C:/Users/danie/Desktop/projects/testing-for-success-arcgis-maps-sdk-for-javascript/src/components/__tests__/DataEntry.test.tsx"
    },
    {
      "assertionResults": [
        {
          "ancestorTitles": ["MapContainer"],
          "fullName": "MapContainer webgl enabled",
          "status": "passed",
          "title": "webgl enabled",
          "duration": 6.900000000372529,
          "failureMessages": [],
          "meta": {}
        },
        {
          "ancestorTitles": ["MapContainer"],
          "fullName": "MapContainer renders and trigger onMapLoad when map is ready",
          "status": "passed",
          "title": "renders and trigger onMapLoad when map is ready",
          "duration": 646.0999999996275,
          "failureMessages": [],
          "meta": {}
        }
      ],
      "startTime": 1741109061459,
      "endTime": 1741109062112.1,
      "status": "passed",
      "message": "",
      "name": "C:/Users/danie/Desktop/projects/testing-for-success-arcgis-maps-sdk-for-javascript/src/components/__tests__/MapContainer.test.tsx"
    }
  ]
}
