{"numTotalTestSuites":2,"numPassedTestSuites":2,"numFailedTestSuites":0,"numPendingTestSuites":0,"numTotalTests":2,"numPassedTests":1,"numFailedTests":0,"numPendingTests":1,"numTodoTests":0,"snapshot":{"added":0,"failure":false,"filesAdded":0,"filesRemoved":0,"filesRemovedList":[],"filesUnmatched":0,"filesUpdated":0,"matched":0,"total":0,"unchecked":0,"uncheckedKeysByFile":[],"unmatched":0,"updated":0,"didUpdate":false},"startTime":1741134987076,"success":true,"testResults":[{"assertionResults":[{"ancestorTitles":["MapContainer"],"fullName":"MapContainer webgl enabled","status":"skipped","title":"webgl enabled","failureMessages":[],"location":{"line":44,"column":3},"meta":{}},{"ancestorTitles":["MapContainer"],"fullName":"MapContainer renders and trigger onMapLoad when map is ready","status":"passed","title":"renders and trigger onMapLoad when map is ready","duration":254.30000000074506,"failureMessages":[],"location":{"line":50,"column":3},"meta":{}}],"startTime":1741135022591,"endTime":1741135022845.3,"status":"passed","message":"","name":"C:/Users/danie/Desktop/projects/testing-for-success-arcgis-maps-sdk-for-javascript/src/components/__tests__/MapContainer.test.tsx"}]}